<?xml version="1.0" encoding="UTF-8"?>
<!-- Generated by org.testng.reporters.JUnitReportReporter -->
<testsuite hostname="Sandunis-MacBook-Air.local" failures="0" tests="1" name="AutoFW.YouTubeAutomationFramework.TC2" time="32.497" errors="0" timestamp="9 Aug 2024 07:02:48 GMT">
  <testcase classname="AutoFW.YouTubeAutomationFramework.TC2" name="testcase2" time="32.497"/>
</testsuite>
