<?xml version="1.0" encoding="UTF-8"?>
<!-- Generated by org.testng.reporters.JUnitReportReporter -->
<testsuite hostname="Sandunis-MacBook-Air.local" failures="0" tests="1" name="AutoFW.YouTubeAutomationFramework.TC6" time="58.001" errors="0" timestamp="9 Aug 2024 07:02:48 GMT">
  <testcase classname="AutoFW.YouTubeAutomationFramework.TC6" name="testcase6" time="58.001"/>
</testsuite>
