<?xml version="1.0" encoding="UTF-8"?>
<!-- Generated by org.testng.reporters.JUnitReportReporter -->
<testsuite hostname="Sandunis-MacBook-Air.local" failures="0" tests="1" name="org.testing.testScripts.TC2" time="31.568" errors="0" timestamp="1 Sep 2024 17:28:30 GMT">
  <testcase classname="org.testing.testScripts.TC2" name="testcase2" time="31.568"/>
</testsuite>
