<?xml version="1.0" encoding="UTF-8"?>
<!-- Generated by org.testng.reporters.JUnitReportReporter -->
<testsuite hostname="Sandunis-MacBook-Air.local" failures="0" tests="1" name="org.testing.testScripts.TC5" time="40.587" errors="0" timestamp="1 Sep 2024 17:24:21 GMT">
  <testcase classname="org.testing.testScripts.TC5" name="testcase5" time="40.587"/>
</testsuite>
