<?xml version="1.0" encoding="UTF-8"?>
<!-- Generated by org.testng.reporters.JUnitReportReporter -->
<testsuite hostname="Sandunis-MacBook-Air.local" failures="0" tests="1" name="org.testing.testScripts.TC7" time="29.991" errors="0" timestamp="21 Aug 2024 04:36:30 GMT">
  <testcase classname="org.testing.testScripts.TC7" name="testcase7" time="29.991"/>
</testsuite>
